<?xml version="1.0" encoding="UTF-8"?>
<!-- Generated by org.testng.reporters.JUnitXMLReporter -->
<testsuite ignored="0" hostname="LTIN689586" failures="0" tests="4" name="Test" time="10.799" errors="0" timestamp="2026-03-17T11:18:58 IST">
  <testcase classname="com.profile.tests.ProfileTest" name="testProfileStatus_Four" time="0.82"/>
  <testcase classname="com.profile.tests.ProfileTest" name="testProfileStatus_Four" time="0.582"/>
  <testcase classname="com.profile.tests.ProfileTest" name="testProfileStatus_Four" time="0.908"/>
  <testcase classname="com.profile.tests.ProfileTest" name="testProfileStatus_Four" time="0.61"/>
</testsuite> <!-- Test -->
