<?xml version="1.0" encoding="UTF-8"?>
<!-- Generated by org.testng.reporters.JUnitXMLReporter -->
<testsuite ignored="0" hostname="LTIN689586" failures="0" tests="4" name="Test" time="12.794" errors="0" timestamp="2026-03-16T17:43:40 IST">
  <testcase classname="com.profile.tests.ProfileTest" name="testProfileStatus_Four" time="0.899"/>
  <testcase classname="com.profile.tests.ProfileTest" name="testProfileStatus_Four" time="1.673"/>
  <testcase classname="com.profile.tests.ProfileTest" name="testProfileStatus_Four" time="1.238"/>
  <testcase classname="com.profile.tests.ProfileTest" name="testProfileStatus_Four" time="0.625"/>
</testsuite> <!-- Test -->
