<?xml version="1.0" encoding="UTF-8"?>
<testng-results ignored="0" total="4" passed="4" failed="0" skipped="0">
  <reporter-output>
  </reporter-output>
  <suite started-at="2026-03-17T11:18:47 IST" name="Suite" finished-at="2026-03-17T11:18:58 IST" duration-ms="10799">
    <groups>
    </groups>
    <test started-at="2026-03-17T11:18:47 IST" name="Test" finished-at="2026-03-17T11:18:58 IST" duration-ms="10799">
      <class name="com.profile.tests.ProfileTest">
        <test-method is-config="true" signature="setUp(java.lang.String)[pri:0, instance:com.profile.tests.ProfileTest@38425407]" started-at="2026-03-17T11:18:47 IST" name="setUp" finished-at="2026-03-17T11:18:50 IST" duration-ms="2534" status="PASS">
          <params>
            <param index="0">
              <value>
                <![CDATA[]]>
              </value>
            </param>
          </params>
          <reporter-output>
          </reporter-output>
        </test-method> <!-- setUp -->
        <test-method is-config="true" signature="goHome()[pri:0, instance:com.profile.tests.ProfileTest@38425407]" started-at="2026-03-17T11:18:51 IST" name="goHome" finished-at="2026-03-17T11:18:51 IST" duration-ms="127" status="PASS">
          <reporter-output>
          </reporter-output>
        </test-method> <!-- goHome -->
        <test-method signature="testProfileStatus_Four(java.lang.String,int,int,java.lang.String,java.lang.String)[pri:0, instance:com.profile.tests.ProfileTest@38425407]" started-at="2026-03-17T11:18:51 IST" name="testProfileStatus_Four" description="Validate status for four Excel rows" data-provider="fourUsers" finished-at="2026-03-17T11:18:52 IST" duration-ms="820" status="PASS">
          <params>
            <param index="0">
              <value>
                <![CDATA[3 Years]]>
              </value>
            </param>
            <param index="1">
              <value>
                <![CDATA[5]]>
              </value>
            </param>
            <param index="2">
              <value>
                <![CDATA[2]]>
              </value>
            </param>
            <param index="3">
              <value>
                <![CDATA[Growing]]>
              </value>
            </param>
            <param index="4">
              <value>
                <![CDATA[Web Developer]]>
              </value>
            </param>
          </params>
          <reporter-output>
          </reporter-output>
        </test-method> <!-- testProfileStatus_Four -->
        <test-method is-config="true" signature="takeScreenshot(org.testng.ITestResult)[pri:0, instance:com.profile.tests.ProfileTest@38425407]" started-at="2026-03-17T11:18:52 IST" name="takeScreenshot" finished-at="2026-03-17T11:18:53 IST" duration-ms="893" status="PASS">
          <params>
            <param index="0">
              <value>
                <![CDATA[[TestResult name=testProfileStatus_Four status=SUCCESS method=ProfileTest.testProfileStatus_Four(java.lang.String,int,int,java.lang.String,java.lang.String)[pri:0, instance:com.profile.tests.ProfileTest@38425407] output={null}]]]>
              </value>
            </param>
          </params>
          <reporter-output>
          </reporter-output>
        </test-method> <!-- takeScreenshot -->
        <test-method is-config="true" signature="goHome()[pri:0, instance:com.profile.tests.ProfileTest@38425407]" started-at="2026-03-17T11:18:53 IST" name="goHome" finished-at="2026-03-17T11:18:53 IST" duration-ms="102" status="PASS">
          <reporter-output>
          </reporter-output>
        </test-method> <!-- goHome -->
        <test-method signature="testProfileStatus_Four(java.lang.String,int,int,java.lang.String,java.lang.String)[pri:0, instance:com.profile.tests.ProfileTest@38425407]" started-at="2026-03-17T11:18:53 IST" name="testProfileStatus_Four" description="Validate status for four Excel rows" data-provider="fourUsers" finished-at="2026-03-17T11:18:53 IST" duration-ms="582" status="PASS">
          <params>
            <param index="0">
              <value>
                <![CDATA[4 Years]]>
              </value>
            </param>
            <param index="1">
              <value>
                <![CDATA[15]]>
              </value>
            </param>
            <param index="2">
              <value>
                <![CDATA[10]]>
              </value>
            </param>
            <param index="3">
              <value>
                <![CDATA[Advanced]]>
              </value>
            </param>
            <param index="4">
              <value>
                <![CDATA[Veteran Web Developer]]>
              </value>
            </param>
          </params>
          <reporter-output>
          </reporter-output>
        </test-method> <!-- testProfileStatus_Four -->
        <test-method is-config="true" signature="takeScreenshot(org.testng.ITestResult)[pri:0, instance:com.profile.tests.ProfileTest@38425407]" started-at="2026-03-17T11:18:53 IST" name="takeScreenshot" finished-at="2026-03-17T11:18:54 IST" duration-ms="482" status="PASS">
          <params>
            <param index="0">
              <value>
                <![CDATA[[TestResult name=testProfileStatus_Four status=SUCCESS method=ProfileTest.testProfileStatus_Four(java.lang.String,int,int,java.lang.String,java.lang.String)[pri:0, instance:com.profile.tests.ProfileTest@38425407] output={null}]]]>
              </value>
            </param>
          </params>
          <reporter-output>
          </reporter-output>
        </test-method> <!-- takeScreenshot -->
        <test-method is-config="true" signature="goHome()[pri:0, instance:com.profile.tests.ProfileTest@38425407]" started-at="2026-03-17T11:18:54 IST" name="goHome" finished-at="2026-03-17T11:18:54 IST" duration-ms="119" status="PASS">
          <reporter-output>
          </reporter-output>
        </test-method> <!-- goHome -->
        <test-method signature="testProfileStatus_Four(java.lang.String,int,int,java.lang.String,java.lang.String)[pri:0, instance:com.profile.tests.ProfileTest@38425407]" started-at="2026-03-17T11:18:54 IST" name="testProfileStatus_Four" description="Validate status for four Excel rows" data-provider="fourUsers" finished-at="2026-03-17T11:18:55 IST" duration-ms="908" status="PASS">
          <params>
            <param index="0">
              <value>
                <![CDATA[3 Years]]>
              </value>
            </param>
            <param index="1">
              <value>
                <![CDATA[5]]>
              </value>
            </param>
            <param index="2">
              <value>
                <![CDATA[5]]>
              </value>
            </param>
            <param index="3">
              <value>
                <![CDATA[Proficient]]>
              </value>
            </param>
            <param index="4">
              <value>
                <![CDATA[Full-Stack Builder]]>
              </value>
            </param>
          </params>
          <reporter-output>
          </reporter-output>
        </test-method> <!-- testProfileStatus_Four -->
        <test-method is-config="true" signature="takeScreenshot(org.testng.ITestResult)[pri:0, instance:com.profile.tests.ProfileTest@38425407]" started-at="2026-03-17T11:18:55 IST" name="takeScreenshot" finished-at="2026-03-17T11:18:55 IST" duration-ms="433" status="PASS">
          <params>
            <param index="0">
              <value>
                <![CDATA[[TestResult name=testProfileStatus_Four status=SUCCESS method=ProfileTest.testProfileStatus_Four(java.lang.String,int,int,java.lang.String,java.lang.String)[pri:0, instance:com.profile.tests.ProfileTest@38425407] output={null}]]]>
              </value>
            </param>
          </params>
          <reporter-output>
          </reporter-output>
        </test-method> <!-- takeScreenshot -->
        <test-method is-config="true" signature="goHome()[pri:0, instance:com.profile.tests.ProfileTest@38425407]" started-at="2026-03-17T11:18:55 IST" name="goHome" finished-at="2026-03-17T11:18:55 IST" duration-ms="107" status="PASS">
          <reporter-output>
          </reporter-output>
        </test-method> <!-- goHome -->
        <test-method signature="testProfileStatus_Four(java.lang.String,int,int,java.lang.String,java.lang.String)[pri:0, instance:com.profile.tests.ProfileTest@38425407]" started-at="2026-03-17T11:18:55 IST" name="testProfileStatus_Four" description="Validate status for four Excel rows" data-provider="fourUsers" finished-at="2026-03-17T11:18:56 IST" duration-ms="610" status="PASS">
          <params>
            <param index="0">
              <value>
                <![CDATA[5+ Years]]>
              </value>
            </param>
            <param index="1">
              <value>
                <![CDATA[30]]>
              </value>
            </param>
            <param index="2">
              <value>
                <![CDATA[20]]>
              </value>
            </param>
            <param index="3">
              <value>
                <![CDATA[Expert]]>
              </value>
            </param>
            <param index="4">
              <value>
                <![CDATA[Veteran Full-Stack Builder]]>
              </value>
            </param>
          </params>
          <reporter-output>
          </reporter-output>
        </test-method> <!-- testProfileStatus_Four -->
        <test-method is-config="true" signature="takeScreenshot(org.testng.ITestResult)[pri:0, instance:com.profile.tests.ProfileTest@38425407]" started-at="2026-03-17T11:18:56 IST" name="takeScreenshot" finished-at="2026-03-17T11:18:56 IST" duration-ms="428" status="PASS">
          <params>
            <param index="0">
              <value>
                <![CDATA[[TestResult name=testProfileStatus_Four status=SUCCESS method=ProfileTest.testProfileStatus_Four(java.lang.String,int,int,java.lang.String,java.lang.String)[pri:0, instance:com.profile.tests.ProfileTest@38425407] output={null}]]]>
              </value>
            </param>
          </params>
          <reporter-output>
          </reporter-output>
        </test-method> <!-- takeScreenshot -->
        <test-method is-config="true" signature="tearDown()[pri:0, instance:com.profile.tests.ProfileTest@38425407]" started-at="2026-03-17T11:18:56 IST" name="tearDown" finished-at="2026-03-17T11:18:58 IST" duration-ms="1470" status="PASS">
          <reporter-output>
          </reporter-output>
        </test-method> <!-- tearDown -->
      </class> <!-- com.profile.tests.ProfileTest -->
    </test> <!-- Test -->
  </suite> <!-- Suite -->
</testng-results>
