<?xml version="1.0" encoding="UTF-8"?>
<testng-results ignored="0" total="4" passed="4" failed="0" skipped="0">
  <reporter-output>
  </reporter-output>
  <suite started-at="2026-03-17T15:15:52 IST" name="Suite" finished-at="2026-03-17T15:16:08 IST" duration-ms="16159">
    <groups>
    </groups>
    <test started-at="2026-03-17T15:15:52 IST" name="Test" finished-at="2026-03-17T15:16:08 IST" duration-ms="16159">
      <class name="com.profile.tests.ProfileTest">
        <test-method is-config="true" signature="setUp(java.lang.String)[pri:0, instance:com.profile.tests.ProfileTest@22ff4249]" started-at="2026-03-17T15:15:52 IST" name="setUp" finished-at="2026-03-17T15:15:58 IST" duration-ms="6139" status="PASS">
          <params>
            <param index="0">
              <value>
                <![CDATA[]]>
              </value>
            </param>
          </params>
          <reporter-output>
          </reporter-output>
        </test-method> <!-- setUp -->
        <test-method is-config="true" signature="goHome()[pri:0, instance:com.profile.tests.ProfileTest@22ff4249]" started-at="2026-03-17T15:15:59 IST" name="goHome" finished-at="2026-03-17T15:15:59 IST" duration-ms="109" status="PASS">
          <reporter-output>
          </reporter-output>
        </test-method> <!-- goHome -->
        <test-method signature="testProfileStatus_Four(java.lang.String,int,int,java.lang.String,java.lang.String)[pri:0, instance:com.profile.tests.ProfileTest@22ff4249]" started-at="2026-03-17T15:15:59 IST" name="testProfileStatus_Four" description="Validate status for four Excel rows" data-provider="fourUsers" finished-at="2026-03-17T15:16:00 IST" duration-ms="844" status="PASS">
          <params>
            <param index="0">
              <value>
                <![CDATA[3 Years]]>
              </value>
            </param>
            <param index="1">
              <value>
                <![CDATA[5]]>
              </value>
            </param>
            <param index="2">
              <value>
                <![CDATA[2]]>
              </value>
            </param>
            <param index="3">
              <value>
                <![CDATA[Growing]]>
              </value>
            </param>
            <param index="4">
              <value>
                <![CDATA[Web Developer]]>
              </value>
            </param>
          </params>
          <reporter-output>
          </reporter-output>
        </test-method> <!-- testProfileStatus_Four -->
        <test-method is-config="true" signature="takeScreenshot(org.testng.ITestResult)[pri:0, instance:com.profile.tests.ProfileTest@22ff4249]" started-at="2026-03-17T15:16:00 IST" name="takeScreenshot" finished-at="2026-03-17T15:16:01 IST" duration-ms="997" status="PASS">
          <params>
            <param index="0">
              <value>
                <![CDATA[[TestResult name=testProfileStatus_Four status=SUCCESS method=ProfileTest.testProfileStatus_Four(java.lang.String,int,int,java.lang.String,java.lang.String)[pri:0, instance:com.profile.tests.ProfileTest@22ff4249] output={null}]]]>
              </value>
            </param>
          </params>
          <reporter-output>
          </reporter-output>
        </test-method> <!-- takeScreenshot -->
        <test-method is-config="true" signature="goHome()[pri:0, instance:com.profile.tests.ProfileTest@22ff4249]" started-at="2026-03-17T15:16:01 IST" name="goHome" finished-at="2026-03-17T15:16:01 IST" duration-ms="110" status="PASS">
          <reporter-output>
          </reporter-output>
        </test-method> <!-- goHome -->
        <test-method signature="testProfileStatus_Four(java.lang.String,int,int,java.lang.String,java.lang.String)[pri:0, instance:com.profile.tests.ProfileTest@22ff4249]" started-at="2026-03-17T15:16:01 IST" name="testProfileStatus_Four" description="Validate status for four Excel rows" data-provider="fourUsers" finished-at="2026-03-17T15:16:02 IST" duration-ms="653" status="PASS">
          <params>
            <param index="0">
              <value>
                <![CDATA[4 Years]]>
              </value>
            </param>
            <param index="1">
              <value>
                <![CDATA[15]]>
              </value>
            </param>
            <param index="2">
              <value>
                <![CDATA[10]]>
              </value>
            </param>
            <param index="3">
              <value>
                <![CDATA[Advanced]]>
              </value>
            </param>
            <param index="4">
              <value>
                <![CDATA[Veteran Web Developer]]>
              </value>
            </param>
          </params>
          <reporter-output>
          </reporter-output>
        </test-method> <!-- testProfileStatus_Four -->
        <test-method is-config="true" signature="takeScreenshot(org.testng.ITestResult)[pri:0, instance:com.profile.tests.ProfileTest@22ff4249]" started-at="2026-03-17T15:16:02 IST" name="takeScreenshot" finished-at="2026-03-17T15:16:02 IST" duration-ms="452" status="PASS">
          <params>
            <param index="0">
              <value>
                <![CDATA[[TestResult name=testProfileStatus_Four status=SUCCESS method=ProfileTest.testProfileStatus_Four(java.lang.String,int,int,java.lang.String,java.lang.String)[pri:0, instance:com.profile.tests.ProfileTest@22ff4249] output={null}]]]>
              </value>
            </param>
          </params>
          <reporter-output>
          </reporter-output>
        </test-method> <!-- takeScreenshot -->
        <test-method is-config="true" signature="goHome()[pri:0, instance:com.profile.tests.ProfileTest@22ff4249]" started-at="2026-03-17T15:16:02 IST" name="goHome" finished-at="2026-03-17T15:16:03 IST" duration-ms="117" status="PASS">
          <reporter-output>
          </reporter-output>
        </test-method> <!-- goHome -->
        <test-method signature="testProfileStatus_Four(java.lang.String,int,int,java.lang.String,java.lang.String)[pri:0, instance:com.profile.tests.ProfileTest@22ff4249]" started-at="2026-03-17T15:16:03 IST" name="testProfileStatus_Four" description="Validate status for four Excel rows" data-provider="fourUsers" finished-at="2026-03-17T15:16:04 IST" duration-ms="1427" status="PASS">
          <params>
            <param index="0">
              <value>
                <![CDATA[3 Years]]>
              </value>
            </param>
            <param index="1">
              <value>
                <![CDATA[5]]>
              </value>
            </param>
            <param index="2">
              <value>
                <![CDATA[5]]>
              </value>
            </param>
            <param index="3">
              <value>
                <![CDATA[Proficient]]>
              </value>
            </param>
            <param index="4">
              <value>
                <![CDATA[Full-Stack Builder]]>
              </value>
            </param>
          </params>
          <reporter-output>
          </reporter-output>
        </test-method> <!-- testProfileStatus_Four -->
        <test-method is-config="true" signature="takeScreenshot(org.testng.ITestResult)[pri:0, instance:com.profile.tests.ProfileTest@22ff4249]" started-at="2026-03-17T15:16:04 IST" name="takeScreenshot" finished-at="2026-03-17T15:16:05 IST" duration-ms="566" status="PASS">
          <params>
            <param index="0">
              <value>
                <![CDATA[[TestResult name=testProfileStatus_Four status=SUCCESS method=ProfileTest.testProfileStatus_Four(java.lang.String,int,int,java.lang.String,java.lang.String)[pri:0, instance:com.profile.tests.ProfileTest@22ff4249] output={null}]]]>
              </value>
            </param>
          </params>
          <reporter-output>
          </reporter-output>
        </test-method> <!-- takeScreenshot -->
        <test-method is-config="true" signature="goHome()[pri:0, instance:com.profile.tests.ProfileTest@22ff4249]" started-at="2026-03-17T15:16:05 IST" name="goHome" finished-at="2026-03-17T15:16:05 IST" duration-ms="103" status="PASS">
          <reporter-output>
          </reporter-output>
        </test-method> <!-- goHome -->
        <test-method signature="testProfileStatus_Four(java.lang.String,int,int,java.lang.String,java.lang.String)[pri:0, instance:com.profile.tests.ProfileTest@22ff4249]" started-at="2026-03-17T15:16:05 IST" name="testProfileStatus_Four" description="Validate status for four Excel rows" data-provider="fourUsers" finished-at="2026-03-17T15:16:05 IST" duration-ms="674" status="PASS">
          <params>
            <param index="0">
              <value>
                <![CDATA[5+ Years]]>
              </value>
            </param>
            <param index="1">
              <value>
                <![CDATA[30]]>
              </value>
            </param>
            <param index="2">
              <value>
                <![CDATA[20]]>
              </value>
            </param>
            <param index="3">
              <value>
                <![CDATA[Expert]]>
              </value>
            </param>
            <param index="4">
              <value>
                <![CDATA[Veteran Full-Stack Builder]]>
              </value>
            </param>
          </params>
          <reporter-output>
          </reporter-output>
        </test-method> <!-- testProfileStatus_Four -->
        <test-method is-config="true" signature="takeScreenshot(org.testng.ITestResult)[pri:0, instance:com.profile.tests.ProfileTest@22ff4249]" started-at="2026-03-17T15:16:05 IST" name="takeScreenshot" finished-at="2026-03-17T15:16:06 IST" duration-ms="616" status="PASS">
          <params>
            <param index="0">
              <value>
                <![CDATA[[TestResult name=testProfileStatus_Four status=SUCCESS method=ProfileTest.testProfileStatus_Four(java.lang.String,int,int,java.lang.String,java.lang.String)[pri:0, instance:com.profile.tests.ProfileTest@22ff4249] output={null}]]]>
              </value>
            </param>
          </params>
          <reporter-output>
          </reporter-output>
        </test-method> <!-- takeScreenshot -->
        <test-method is-config="true" signature="tearDown()[pri:0, instance:com.profile.tests.ProfileTest@22ff4249]" started-at="2026-03-17T15:16:06 IST" name="tearDown" finished-at="2026-03-17T15:16:08 IST" duration-ms="1830" status="PASS">
          <reporter-output>
          </reporter-output>
        </test-method> <!-- tearDown -->
      </class> <!-- com.profile.tests.ProfileTest -->
    </test> <!-- Test -->
  </suite> <!-- Suite -->
</testng-results>
