<?xml version="1.0" encoding="UTF-8"?>
<!-- Generated by org.testng.reporters.JUnitReportReporter -->
<testsuite hostname="LTIN689586" failures="0" tests="8" name="com.profile.tests.ProfileTest" time="12.344" errors="0" timestamp="2026-03-17T17:28:45 IST" skipped="0">
  <testcase classname="com.profile.tests.ProfileTest" name="testProfileStatus_Four" time="2.139"/>
  <testcase classname="com.profile.tests.ProfileTest" name="testProfileStatus_Four" time="1.172"/>
  <testcase classname="com.profile.tests.ProfileTest" name="testProfileStatus_Four" time="1.302"/>
  <testcase classname="com.profile.tests.ProfileTest" name="testInvalidYears" time="1.437"/>
  <testcase classname="com.profile.tests.ProfileTest" name="testProfileStatus_Four" time="1.247"/>
  <testcase classname="com.profile.tests.ProfileTest" name="testNonNumericWebsites" time="1.735"/>
  <testcase classname="com.profile.tests.ProfileTest" name="testZeroApps" time="1.908"/>
  <testcase classname="com.profile.tests.ProfileTest" name="testZeroWebsites" time="1.404"/>
</testsuite> <!-- com.profile.tests.ProfileTest -->
