<?xml version="1.0" encoding="UTF-8"?>
<!-- Generated by org.testng.reporters.JUnitReportReporter -->
<testsuite hostname="LTIN689586" failures="0" tests="4" name="com.profile.tests.ProfileTest" time="5.611" errors="0" timestamp="2026-03-17T11:18:58 IST" skipped="0">
  <testcase classname="com.profile.tests.ProfileTest" name="testProfileStatus_Four" time="1.157"/>
  <testcase classname="com.profile.tests.ProfileTest" name="testProfileStatus_Four" time="1.360"/>
  <testcase classname="com.profile.tests.ProfileTest" name="testProfileStatus_Four" time="1.166"/>
  <testcase classname="com.profile.tests.ProfileTest" name="testProfileStatus_Four" time="1.928"/>
</testsuite> <!-- com.profile.tests.ProfileTest -->
