<?xml version="1.0" encoding="UTF-8"?>
<!-- Generated by org.testng.reporters.JUnitXMLReporter -->
<testsuite ignored="0" hostname="LTIN689586" failures="0" tests="4" name="EdgeRun" time="2.355" errors="0" timestamp="2026-03-17T10:46:08 IST">
  <testcase classname="com.profile.tests.ProfileTest" name="testProfileStatus_Four" time="0.0">
    <skipped/>
  </testcase> <!-- testProfileStatus_Four -->
  <testcase classname="com.profile.tests.ProfileTest" name="testProfileStatus_Four" time="0.0">
    <skipped/>
  </testcase> <!-- testProfileStatus_Four -->
  <testcase classname="com.profile.tests.ProfileTest" name="testProfileStatus_Four" time="0.0">
    <skipped/>
  </testcase> <!-- testProfileStatus_Four -->
  <testcase classname="com.profile.tests.ProfileTest" name="testProfileStatus_Four" time="0.0">
    <skipped/>
  </testcase> <!-- testProfileStatus_Four -->
</testsuite> <!-- EdgeRun -->
